<?xml version="1.0" encoding="UTF-8"?>
<!-- Generated by org.testng.reporters.JUnitXMLReporter -->
<testsuite ignored="0" hostname="Neyaz-PC" failures="0" tests="2" name="Test-Runner=2" time="8.574" errors="0" timestamp="2023-11-22T12:18:51 IST">
  <testcase classname="com.TestNG.SampleTest" name="Sample1" time="0.023"/>
  <testcase classname="com.TestNG.SampleTest" name="Sample2" time="0.004"/>
</testsuite> <!-- Test-Runner=2 -->
