<?xml version="1.0" encoding="UTF-8"?>
<!-- Generated by org.testng.reporters.JUnitXMLReporter -->
<testsuite ignored="0" hostname="Neyaz-PC" failures="0" tests="2" name="Test-Runner=1" time="9.284" errors="0" timestamp="2023-11-22T12:18:52 IST">
  <testcase classname="com.TestNG.SampleTest" name="Sample1" time="0.002"/>
  <testcase classname="com.TestNG.SampleTest" name="Sample2" time="0.003"/>
</testsuite> <!-- Test-Runner=1 -->
