<?xml version="1.0" encoding="UTF-8"?>
<!-- Generated by org.testng.reporters.JUnitReportReporter -->
<testsuite hostname="Neyaz-PC" failures="0" tests="13" name="com.TestNG.ExecuteDataProviderTest" time="0.038" errors="0" timestamp="2023-11-20T17:01:50 IST" skipped="0">
  <testcase classname="com.TestNG.ExecuteDataProviderTest" name="execute" time="0.001"/>
  <system-out/>
  <testcase classname="com.TestNG.ExecuteDataProviderTest" name="execute" time="0.001"/>
  <system-out/>
  <testcase classname="com.TestNG.ExecuteDataProviderTest" name="execute" time="0.004"/>
  <system-out/>
  <testcase classname="com.TestNG.ExecuteDataProviderTest" name="execute" time="0.004"/>
  <system-out/>
  <testcase classname="com.TestNG.ExecuteDataProviderTest" name="execute" time="0.003"/>
  <system-out/>
  <testcase classname="com.TestNG.ExecuteDataProviderTest" name="execute" time="0.002"/>
  <system-out/>
  <testcase classname="com.TestNG.ExecuteDataProviderTest" name="execute" time="0.002"/>
  <system-out/>
  <testcase classname="com.TestNG.ExecuteDataProviderTest" name="execute" time="0.007"/>
  <system-out/>
  <testcase classname="com.TestNG.ExecuteDataProviderTest" name="execute" time="0.002"/>
  <system-out/>
  <testcase classname="com.TestNG.ExecuteDataProviderTest" name="execute" time="0.005"/>
  <system-out/>
  <testcase classname="com.TestNG.ExecuteDataProviderTest" name="execute" time="0.001"/>
  <system-out/>
  <testcase classname="com.TestNG.ExecuteDataProviderTest" name="execute" time="0.002"/>
  <system-out/>
  <testcase classname="com.TestNG.ExecuteDataProviderTest" name="execute" time="0.004"/>
  <system-out/>
</testsuite> <!-- com.TestNG.ExecuteDataProviderTest -->
