<?xml version="1.0" encoding="UTF-8"?>
<!-- Generated by org.testng.reporters.JUnitReportReporter -->
<testsuite hostname="Neyaz-PC" failures="0" tests="1" name="Bixi_Open_Account.TC_15_DebitCardwithBlankFields_FT" time="6.619" errors="0" timestamp="2023-11-23T16:48:16 IST" skipped="0">
  <testcase classname="Bixi_Open_Account.TC_15_DebitCardwithBlankFields_FT" name="method" time="6.619"/>
  <system-out>
    <![CDATA[method---->Testscript execution starts from here<----
method---->Test Script Executed Successfully<----]]>
  </system-out>
</testsuite> <!-- Bixi_Open_Account.TC_15_DebitCardwithBlankFields_FT -->
