<?xml version="1.0" encoding="UTF-8"?>
<!-- Generated by org.testng.reporters.JUnitReportReporter -->
<testsuite hostname="Neyaz-PC" failures="0" tests="1" name="com.TestNG.PracticeTest" time="0.012" errors="0" timestamp="2023-11-22T12:43:19 IST" skipped="0">
  <testcase classname="com.TestNG.PracticeTest" name="Practice1" time="0.012"/>
  <system-out/>
</testsuite> <!-- com.TestNG.PracticeTest -->
