<?xml version="1.0" encoding="UTF-8"?>
<!-- Generated by org.testng.reporters.JUnitReportReporter -->
<testsuite hostname="Neyaz-PC" failures="0" tests="2" name="com.TestNG.SampleTest" time="0.007" errors="0" timestamp="2023-11-22T12:43:19 IST" skipped="0">
  <testcase classname="com.TestNG.SampleTest" name="Sample1" time="0.003"/>
  <system-out/>
  <testcase classname="com.TestNG.SampleTest" name="Sample2" time="0.004"/>
  <system-out/>
</testsuite> <!-- com.TestNG.SampleTest -->
