<?xml version="1.0" encoding="UTF-8"?>
<!-- Generated by org.testng.reporters.JUnitReportReporter -->
<testsuite hostname="Neyaz-PC" failures="0" tests="2" name="com.TestNG.AnnotationsAssignmentTest" time="0.030" errors="0" timestamp="2023-11-20T23:40:44 IST" skipped="0">
  <testcase classname="com.TestNG.AnnotationsAssignmentTest" name="test1" time="0.017"/>
  <system-out/>
  <testcase classname="com.TestNG.AnnotationsAssignmentTest" name="test2" time="0.013"/>
  <system-out/>
</testsuite> <!-- com.TestNG.AnnotationsAssignmentTest -->
