<?xml version="1.0" encoding="UTF-8"?>
<!-- Generated by org.testng.reporters.JUnitReportReporter -->
<testsuite hostname="Neyaz-PC" failures="0" tests="7" name="com.TestNG.PracticeTestNGTest" time="0.020" errors="0" timestamp="2023-11-21T17:56:29 IST" skipped="0">
  <testcase classname="com.TestNG.PracticeTestNGTest" name="deleteTest" time="0.004"/>
  <system-out/>
  <testcase classname="com.TestNG.PracticeTestNGTest" name="editTest" time="0.003"/>
  <system-out/>
  <testcase classname="com.TestNG.PracticeTestNGTest" name="createTest" time="0.001"/>
  <system-out/>
  <testcase classname="com.TestNG.PracticeTestNGTest" name="createTest" time="0.002"/>
  <system-out/>
  <testcase classname="com.TestNG.PracticeTestNGTest" name="createTest" time="0.003"/>
  <system-out/>
  <testcase classname="com.TestNG.PracticeTestNGTest" name="createTest" time="0.002"/>
  <system-out/>
  <testcase classname="com.TestNG.PracticeTestNGTest" name="createTest" time="0.005"/>
  <system-out/>
</testsuite> <!-- com.TestNG.PracticeTestNGTest -->
