<?xml version="1.0" encoding="UTF-8"?>
<!-- Generated by org.testng.reporters.JUnitReportReporter -->
<testsuite hostname="Neyaz-PC" failures="0" tests="1" name="com.TestNG.AnnotationsTest" time="0.015" errors="0" timestamp="2023-11-20T17:36:13 IST" skipped="0">
  <testcase classname="com.TestNG.AnnotationsTest" name="testscriptTest" time="0.015"/>
  <system-out/>
</testsuite> <!-- com.TestNG.AnnotationsTest -->
