<?xml version="1.0" encoding="UTF-8"?>
<!-- Generated by org.testng.reporters.JUnitReportReporter -->
<testsuite hostname="Neyaz-PC" failures="0" tests="1" name="com.TestNG.HardAssertTest" time="11.820" errors="0" timestamp="2023-11-22T16:04:45 IST" skipped="0">
  <testcase classname="com.TestNG.HardAssertTest" name="hardAssertTest2" time="11.820"/>
  <system-out/>
</testsuite> <!-- com.TestNG.HardAssertTest -->
