<?xml version="1.0" encoding="UTF-8"?>
<!-- Generated by org.testng.reporters.JUnitReportReporter -->
<testsuite hostname="Neyaz-PC" failures="0" tests="1" name="Bixi_Open_Account.TC_03_DebitCardPage_SmokeTest" time="3.806" errors="0" timestamp="2023-11-23T16:48:16 IST" skipped="0">
  <testcase classname="Bixi_Open_Account.TC_03_DebitCardPage_SmokeTest" name="DebitCardPage" time="3.806"/>
  <system-out>
    <![CDATA[DebitCardPage---->Testscript execution starts from here<----
DebitCardPage---->Test Script Executed Successfully<----]]>
  </system-out>
</testsuite> <!-- Bixi_Open_Account.TC_03_DebitCardPage_SmokeTest -->
