<?xml version="1.0" encoding="UTF-8"?>
<!-- Generated by org.testng.reporters.JUnitReportReporter -->
<testsuite hostname="Neyaz-PC" failures="0" tests="3" name="practice.ReadDataFromCmdTest" time="0.028" errors="0" timestamp="2023-11-10T13:26:35 IST" skipped="0">
  <testcase classname="practice.ReadDataFromCmdTest" name="test1" time="0.018"/>
  <system-out>
    <![CDATA[Hello World]]>
  </system-out>
  <testcase classname="practice.ReadDataFromCmdTest" name="test3" time="0.007"/>
  <system-out>
    <![CDATA[Hello Universe]]>
  </system-out>
  <testcase classname="practice.ReadDataFromCmdTest" name="test2" time="0.003"/>
  <system-out>
    <![CDATA[Heyyyyy]]>
  </system-out>
</testsuite> <!-- practice.ReadDataFromCmdTest -->
