<?xml version="1.0" encoding="UTF-8"?>
<!-- Generated by org.testng.reporters.JUnitReportReporter -->
<testsuite hostname="Neyaz-PC" failures="0" tests="1" name="com.TestNG.DemoTest" time="0.003" errors="0" timestamp="2023-11-22T12:43:19 IST" skipped="0">
  <testcase classname="com.TestNG.DemoTest" name="Demo2" time="0.003"/>
  <system-out/>
</testsuite> <!-- com.TestNG.DemoTest -->
