<?xml version="1.0" encoding="UTF-8"?>
<!-- Generated by org.testng.reporters.JUnitReportReporter -->
<testsuite hostname="Neyaz-PC" failures="0" tests="1" name="Bixi_Open_Account.TC03SmokePOMTest" time="3.490" errors="0" timestamp="2023-11-23T10:50:03 IST" skipped="0">
  <testcase classname="Bixi_Open_Account.TC03SmokePOMTest" name="method" time="3.490"/>
  <system-out/>
</testsuite> <!-- Bixi_Open_Account.TC03SmokePOMTest -->
