<?xml version="1.0" encoding="UTF-8"?>
<!-- Generated by org.testng.reporters.JUnitReportReporter -->
<testsuite hostname="Neyaz-PC" failures="0" tests="4" name="com.TestNG.DataProviderTest" time="0.024" errors="0" timestamp="2023-11-20T23:44:22 IST" skipped="0">
  <testcase classname="com.TestNG.DataProviderTest" name="getdata" time="0.009"/>
  <system-out/>
  <testcase classname="com.TestNG.DataProviderTest" name="getdata" time="0.004"/>
  <system-out/>
  <testcase classname="com.TestNG.DataProviderTest" name="getdata" time="0.002"/>
  <system-out/>
  <testcase classname="com.TestNG.DataProviderTest" name="getdata" time="0.009"/>
  <system-out/>
</testsuite> <!-- com.TestNG.DataProviderTest -->
