<?xml version="1.0" encoding="UTF-8"?>
<!-- Generated by org.testng.reporters.JUnitReportReporter -->
<testsuite hostname="Neyaz-PC" failures="0" tests="1" name="practice.CmdParameterTest" time="5.839" errors="0" timestamp="2023-11-10T17:04:49 IST" skipped="0">
  <testcase classname="practice.CmdParameterTest" name="cmdParametertest" time="5.839"/>
  <system-out/>
</testsuite> <!-- practice.CmdParameterTest -->
